#
# A fatal error has been detected by the Java Runtime Environment:
#
#  EXCEPTION_ACCESS_VIOLATION (0xc0000005) at pc=0x00007ffe0f387a29, pid=10352, tid=17492
#
# JRE version: Java(TM) SE Runtime Environment (11.0.4+10) (build 11.0.4+10-LTS)
# Java VM: Java HotSpot(TM) 64-Bit Server VM (11.0.4+10-LTS, mixed mode, tiered, compressed oops, g1 gc, windows-amd64)
# Problematic frame:
# V  [jvm.dll+0x6c7a29]
#
# No core dump will be written. Minidumps are not enabled by default on client versions of Windows
#
# If you would like to submit a bug report, please visit:
#   http://bugreport.java.com/bugreport/crash.jsp
#

---------------  S U M M A R Y ------------

Command Line: -Dcom.sun.management.jmxremote -Dcom.sun.management.jmxremote.port=61933 -Dcom.sun.management.jmxremote.authenticate=false -Dcom.sun.management.jmxremote.ssl=false -Djava.rmi.server.hostname=localhost -Dspring.jmx.enabled=true -Dspring.application.admin.enabled=true -Xverify:none -XX:TieredStopAtLevel=1 -Dspring.boot.project.name=spring-boot-ionic-backend -Dfile.encoding=UTF-8 com.heliohdd.spring_boot_ionic_backend.SpringBootIonicBackendApplication --spring.output.ansi.enabled=always

Host: Intel(R) Core(TM) i7-3612QM CPU @ 2.10GHz, 8 cores, 7G,  Windows 10 , 64 bit Build 18362 (10.0.18362.329)
Time: Wed Feb  5 22:37:02 2020 Hora oficial do Brasil elapsed time: 1 seconds (0d 0h 0m 1s)

---------------  T H R E A D  ---------------

Current thread (0x00000281744b4000):  WatcherThread [stack: 0x000000a598400000,0x000000a598500000] [id=17492]

Stack: [0x000000a598400000,0x000000a598500000],  sp=0x000000a5984ff3e0,  free space=1020k
Native frames: (J=compiled Java code, j=interpreted, Vv=VM code, C=native code)
V  [jvm.dll+0x6c7a29]
V  [jvm.dll+0x71321d]
V  [jvm.dll+0x738bd9]
V  [jvm.dll+0x634c82]
C  [ucrtbase.dll+0x20e72]
C  [KERNEL32.DLL+0x17bd4]
C  [ntdll.dll+0x6ced1]


siginfo: EXCEPTION_ACCESS_VIOLATION (0xc0000005), reading address 0x0000000800000007


Register to memory mapping:

RIP=0x00007ffe0f387a29 jvm.dll
RAX=0x0000028174295790 points into unknown readable memory: 07 00 00 00 08 00 00 00
RBX=0x0 is NULL
RCX=0x0000000800000007 is an unknown value
RDX=0x0000000000000032 is an unknown value
RSP=0x000000a5984ff3e0 points into unknown readable memory: 00 40 4b 74 81 02 00 00
RBP=0x0000000000000002 is an unknown value
RSI=0x00000281742959c0 points into unknown readable memory: 40 90 4a 74 81 02 00 00
RDI=0x0 is NULL
R8 =0x0000000000000031 is an unknown value
R9 =0x000002815bfc0b80 is at begin+0 in a stub
StubRoutines::atomic_cmpxchg_long [0x000002815bfc0b80, 0x000002815bfc0b89[ (9 bytes)
R10=0x00000000546c6148 is an unknown value
R11=0x0000008454d52905 is an unknown value
R12=0x0 is NULL
R13=0x00000281744b4000 points into unknown readable memory: 58 7c 59 0f fe 7f 00 00
R14=0x0000000000000001 is an unknown value
R15=0x000002817343c090 points into unknown readable memory: 00 00 00 00 00 00 00 00


Registers:
RAX=0x0000028174295790, RBX=0x0000000000000000, RCX=0x0000000800000007, RDX=0x0000000000000032
RSP=0x000000a5984ff3e0, RBP=0x0000000000000002, RSI=0x00000281742959c0, RDI=0x0000000000000000
R8 =0x0000000000000031, R9 =0x000002815bfc0b80, R10=0x00000000546c6148, R11=0x0000008454d52905
R12=0x0000000000000000, R13=0x00000281744b4000, R14=0x0000000000000001, R15=0x000002817343c090
RIP=0x00007ffe0f387a29, EFLAGS=0x0000000000010202

Top of Stack: (sp=0x000000a5984ff3e0)
0x000000a5984ff3e0:   00000281744b4000 00000281744b4000
0x000000a5984ff3f0:   000063c7e9de2f78 00007ffe0f2c87c9
0x000000a5984ff400:   00007ffe0f733798 00007ffe0f3d321d
0x000000a5984ff410:   0000000000000001 0000028153c9a460
0x000000a5984ff420:   0000028153c9a460 431bde82d7b634db
0x000000a5984ff430:   000002817343c090 000063c7e9de2f78
0x000000a5984ff440:   0000028153c9a460 00007ffe0f3f8bd9
0x000000a5984ff450:   0000000000000001 0000000000000001
0x000000a5984ff460:   0000000000000001 0000000000000002
0x000000a5984ff470:   0000000000000000 0000000000000000
0x000000a5984ff480:   00007ffe69e60e30 00000281744a8ce0
0x000000a5984ff490:   0000000000000000 000000a5984ff8f8
0x000000a5984ff4a0:   0000000000000000 0000000000000000
0x000000a5984ff4b0:   0000000000000000 0000000000000000
0x000000a5984ff4c0:   0000000000000000 000000a5984ff800
0x000000a5984ff4d0:   00000281744b4000 00007ffe0f2f4c82 

Instructions: (pc=0x00007ffe0f387a29)
0x00007ffe0f387a09:   20 48 8b 35 47 6c 3a 00 33 db 48 8b 06 39 18 7e
0x00007ffe0f387a19:   27 48 89 7c 24 30 8b fb 48 8b 40 18 48 8b 0c 07
0x00007ffe0f387a29:   48 8b 01 ff 50 08 48 8b 06 48 8d 7f 08 ff c3 3b
0x00007ffe0f387a39:   18 7c e5 48 8b 7c 24 30 48 8b 5c 24 38 48 83 c4 


Stack slot to memory mapping:
stack at sp + 0 slots: 0x00000281744b4000 points into unknown readable memory: 58 7c 59 0f fe 7f 00 00
stack at sp + 1 slots: 0x00000281744b4000 points into unknown readable memory: 58 7c 59 0f fe 7f 00 00
stack at sp + 2 slots: 0x000063c7e9de2f78 is an unknown value
stack at sp + 3 slots: 0x00007ffe0f2c87c9 jvm.dll
stack at sp + 4 slots: 0x00007ffe0f733798 jvm.dll
stack at sp + 5 slots: 0x00007ffe0f3d321d jvm.dll
stack at sp + 6 slots: 0x0000000000000001 is an unknown value
stack at sp + 7 slots: 0x0000028153c9a460 points into unknown readable memory: 01 00 00 00 00 00 00 00


---------------  P R O C E S S  ---------------

Threads class SMR info:
_java_thread_list=0x00000281744a9010, length=15, elements={
0x0000028153c9c000, 0x0000028172821000, 0x0000028172822000, 0x00000281730a0800,
0x00000281730a3000, 0x00000281730a6800, 0x00000281730b4000, 0x00000281732a2800,
0x00000281732ac800, 0x00000281732ad800, 0x00000281732b3000, 0x000002817332c800,
0x0000028173eff800, 0x000002817444e000, 0x00000281744aa000
}

Java Threads: ( => current thread )
  0x0000028153c9c000 JavaThread "main" [_thread_in_native, id=21344, stack(0x000000a596d00000,0x000000a596e00000)]
  0x0000028172821000 JavaThread "Reference Handler" daemon [_thread_blocked, id=13932, stack(0x000000a597400000,0x000000a597500000)]
  0x0000028172822000 JavaThread "Finalizer" daemon [_thread_blocked, id=7516, stack(0x000000a597500000,0x000000a597600000)]
  0x00000281730a0800 JavaThread "Signal Dispatcher" daemon [_thread_blocked, id=16216, stack(0x000000a597600000,0x000000a597700000)]
  0x00000281730a3000 JavaThread "Attach Listener" daemon [_thread_blocked, id=19472, stack(0x000000a597700000,0x000000a597800000)]
  0x00000281730a6800 JavaThread "C1 CompilerThread0" daemon [_thread_blocked, id=22140, stack(0x000000a597800000,0x000000a597900000)]
  0x00000281730b4000 JavaThread "Sweeper thread" daemon [_thread_blocked, id=20924, stack(0x000000a597900000,0x000000a597a00000)]
  0x00000281732a2800 JavaThread "Common-Cleaner" daemon [_thread_blocked, id=13064, stack(0x000000a597a00000,0x000000a597b00000)]
  0x00000281732ac800 JavaThread "C1 CompilerThread1" daemon [_thread_blocked, id=11044, stack(0x000000a597b00000,0x000000a597c00000)]
  0x00000281732ad800 JavaThread "C1 CompilerThread2" daemon [_thread_in_vm, id=8240, stack(0x000000a597c00000,0x000000a597d00000)]
  0x00000281732b3000 JavaThread "C1 CompilerThread3" daemon [_thread_blocked, id=2880, stack(0x000000a597d00000,0x000000a597e00000)]
  0x000002817332c800 JavaThread "Service Thread" daemon [_thread_blocked, id=9224, stack(0x000000a597e00000,0x000000a597f00000)]
  0x0000028173eff800 JavaThread "RMI TCP Accept-0" daemon [_thread_in_native, id=14916, stack(0x000000a598100000,0x000000a598200000)]
  0x000002817444e000 JavaThread "RMI TCP Accept-61933" daemon [_thread_in_native, id=21996, stack(0x000000a598200000,0x000000a598300000)]
  0x00000281744aa000 JavaThread "RMI TCP Accept-0" daemon [_thread_in_native, id=6256, stack(0x000000a598300000,0x000000a598400000)]

Other Threads:
  0x000002817284c800 VMThread "VM Thread" [stack: 0x000000a597300000,0x000000a597400000] [id=7420]
=>0x00000281744b4000 WatcherThread [stack: 0x000000a598400000,0x000000a598500000] [id=17492]
  0x0000028153cb3800 GCTaskThread "GC Thread#0" [stack: 0x000000a596e00000,0x000000a596f00000] [id=13016]
  0x0000028174278800 GCTaskThread "GC Thread#1" [stack: 0x000000a597f00000,0x000000a598000000] [id=15004]
  0x000002817427d800 GCTaskThread "GC Thread#2" [stack: 0x000000a598000000,0x000000a598100000] [id=6392]
  0x0000028153ce5800 ConcurrentGCThread "G1 Main Marker" [stack: 0x000000a596f00000,0x000000a597000000] [id=6260]
  0x0000028153ce6800 ConcurrentGCThread "G1 Conc#0" [stack: 0x000000a597000000,0x000000a597100000] [id=19156]
  0x000002817268e800 ConcurrentGCThread "G1 Refine#0" [stack: 0x000000a597100000,0x000000a597200000] [id=18724]
  0x0000028172693000 ConcurrentGCThread "G1 Young RemSet Sampling" [stack: 0x000000a597200000,0x000000a597300000] [id=21992]

Threads with active compile tasks:
C1 CompilerThread21150       1       java.nio.MappedByteBuffer::limit (6 bytes)

VM state:not at safepoint (normal execution)

VM Mutex/Monitor currently owned by a thread:  ([mutex/lock_event])
[0x0000028153c9a460] PeriodicTask_lock - owner thread: 0x00000281744b4000

Heap address: 0x0000000082000000, size: 2016 MB, Compressed Oops mode: 32-bit
Narrow klass base: 0x0000000000000000, Narrow klass shift: 3
Compressed class space size: 1073741824 Address: 0x0000000100000000

Heap:
 garbage-first heap   total 129024K, used 21471K [0x0000000082000000, 0x0000000100000000)
  region size 1024K, 7 young (7168K), 3 survivors (3072K)
 Metaspace       used 12274K, capacity 12623K, committed 12672K, reserved 1060864K
  class space    used 1291K, capacity 1404K, committed 1408K, reserved 1048576K
Heap Regions: E=young(eden), S=young(survivor), O=old, HS=humongous(starts), HC=humongous(continues), CS=collection set, F=free, A=archive, TAMS=top-at-mark-start (previous, next)
|   0|0x0000000082000000, 0x0000000082100000, 0x0000000082100000|100%|HS|  |TAMS 0x0000000082000000, 0x0000000082000000| Complete 
|   1|0x0000000082100000, 0x0000000082200000, 0x0000000082200000|100%| O|  |TAMS 0x0000000082100000, 0x0000000082100000| Untracked 
|   2|0x0000000082200000, 0x0000000082300000, 0x0000000082300000|100%| O|  |TAMS 0x0000000082200000, 0x0000000082200000| Untracked 
|   3|0x0000000082300000, 0x0000000082400000, 0x0000000082400000|100%| O|  |TAMS 0x0000000082300000, 0x0000000082300000| Untracked 
|   4|0x0000000082400000, 0x0000000082500000, 0x0000000082500000|100%| O|  |TAMS 0x0000000082400000, 0x0000000082400000| Untracked 
|   5|0x0000000082500000, 0x0000000082600000, 0x0000000082600000|100%| O|  |TAMS 0x0000000082500000, 0x0000000082500000| Untracked 
|   6|0x0000000082600000, 0x0000000082700000, 0x0000000082700000|100%| O|  |TAMS 0x0000000082600000, 0x0000000082600000| Untracked 
|   7|0x0000000082700000, 0x0000000082800000, 0x0000000082800000|100%| O|  |TAMS 0x0000000082700000, 0x0000000082700000| Untracked 
|   8|0x0000000082800000, 0x0000000082900000, 0x0000000082900000|100%| O|  |TAMS 0x0000000082800000, 0x0000000082800000| Untracked 
|   9|0x0000000082900000, 0x0000000082a00000, 0x0000000082a00000|100%| O|  |TAMS 0x0000000082900000, 0x0000000082900000| Untracked 
|  10|0x0000000082a00000, 0x0000000082b00000, 0x0000000082b00000|100%| O|  |TAMS 0x0000000082a00000, 0x0000000082a00000| Untracked 
|  11|0x0000000082b00000, 0x0000000082c00000, 0x0000000082c00000|100%| O|  |TAMS 0x0000000082b00000, 0x0000000082b00000| Untracked 
|  12|0x0000000082c00000, 0x0000000082d00000, 0x0000000082d00000|100%| O|  |TAMS 0x0000000082c00000, 0x0000000082c00000| Untracked 
|  13|0x0000000082d00000, 0x0000000082e00000, 0x0000000082e00000|100%| O|  |TAMS 0x0000000082d00000, 0x0000000082d00000| Untracked 
|  14|0x0000000082e00000, 0x0000000082ef7e00, 0x0000000082f00000| 96%| O|  |TAMS 0x0000000082e00000, 0x0000000082e00000| Untracked 
|  15|0x0000000082f00000, 0x0000000082f00000, 0x0000000083000000|  0%| F|  |TAMS 0x0000000082f00000, 0x0000000082f00000| Untracked 
|  16|0x0000000083000000, 0x0000000083000000, 0x0000000083100000|  0%| F|  |TAMS 0x0000000083000000, 0x0000000083000000| Untracked 
|  17|0x0000000083100000, 0x0000000083100000, 0x0000000083200000|  0%| F|  |TAMS 0x0000000083100000, 0x0000000083100000| Untracked 
|  18|0x0000000083200000, 0x0000000083200000, 0x0000000083300000|  0%| F|  |TAMS 0x0000000083200000, 0x0000000083200000| Untracked 
|  19|0x0000000083300000, 0x0000000083300000, 0x0000000083400000|  0%| F|  |TAMS 0x0000000083300000, 0x0000000083300000| Untracked 
|  20|0x0000000083400000, 0x0000000083400000, 0x0000000083500000|  0%| F|  |TAMS 0x0000000083400000, 0x0000000083400000| Untracked 
|  21|0x0000000083500000, 0x0000000083500000, 0x0000000083600000|  0%| F|  |TAMS 0x0000000083500000, 0x0000000083500000| Untracked 
|  22|0x0000000083600000, 0x0000000083600000, 0x0000000083700000|  0%| F|  |TAMS 0x0000000083600000, 0x0000000083600000| Untracked 
|  23|0x0000000083700000, 0x0000000083700000, 0x0000000083800000|  0%| F|  |TAMS 0x0000000083700000, 0x0000000083700000| Untracked 
|  24|0x0000000083800000, 0x0000000083800000, 0x0000000083900000|  0%| F|  |TAMS 0x0000000083800000, 0x0000000083800000| Untracked 
|  25|0x0000000083900000, 0x0000000083900000, 0x0000000083a00000|  0%| F|  |TAMS 0x0000000083900000, 0x0000000083900000| Untracked 
|  26|0x0000000083a00000, 0x0000000083a00000, 0x0000000083b00000|  0%| F|  |TAMS 0x0000000083a00000, 0x0000000083a00000| Untracked 
|  27|0x0000000083b00000, 0x0000000083b00000, 0x0000000083c00000|  0%| F|  |TAMS 0x0000000083b00000, 0x0000000083b00000| Untracked 
|  28|0x0000000083c00000, 0x0000000083c00000, 0x0000000083d00000|  0%| F|  |TAMS 0x0000000083c00000, 0x0000000083c00000| Untracked 
|  29|0x0000000083d00000, 0x0000000083d00000, 0x0000000083e00000|  0%| F|  |TAMS 0x0000000083d00000, 0x0000000083d00000| Untracked 
|  30|0x0000000083e00000, 0x0000000083e00000, 0x0000000083f00000|  0%| F|  |TAMS 0x0000000083e00000, 0x0000000083e00000| Untracked 
|  31|0x0000000083f00000, 0x0000000083f00000, 0x0000000084000000|  0%| F|  |TAMS 0x0000000083f00000, 0x0000000083f00000| Untracked 
|  32|0x0000000084000000, 0x0000000084000000, 0x0000000084100000|  0%| F|  |TAMS 0x0000000084000000, 0x0000000084000000| Untracked 
|  33|0x0000000084100000, 0x0000000084100000, 0x0000000084200000|  0%| F|  |TAMS 0x0000000084100000, 0x0000000084100000| Untracked 
|  34|0x0000000084200000, 0x0000000084200000, 0x0000000084300000|  0%| F|  |TAMS 0x0000000084200000, 0x0000000084200000| Untracked 
|  35|0x0000000084300000, 0x0000000084300000, 0x0000000084400000|  0%| F|  |TAMS 0x0000000084300000, 0x0000000084300000| Untracked 
|  36|0x0000000084400000, 0x0000000084400000, 0x0000000084500000|  0%| F|  |TAMS 0x0000000084400000, 0x0000000084400000| Untracked 
|  37|0x0000000084500000, 0x0000000084500000, 0x0000000084600000|  0%| F|  |TAMS 0x0000000084500000, 0x0000000084500000| Untracked 
|  38|0x0000000084600000, 0x0000000084600000, 0x0000000084700000|  0%| F|  |TAMS 0x0000000084600000, 0x0000000084600000| Untracked 
|  39|0x0000000084700000, 0x0000000084700000, 0x0000000084800000|  0%| F|  |TAMS 0x0000000084700000, 0x0000000084700000| Untracked 
|  40|0x0000000084800000, 0x0000000084800000, 0x0000000084900000|  0%| F|  |TAMS 0x0000000084800000, 0x0000000084800000| Untracked 
|  41|0x0000000084900000, 0x0000000084900000, 0x0000000084a00000|  0%| F|  |TAMS 0x0000000084900000, 0x0000000084900000| Untracked 
|  42|0x0000000084a00000, 0x0000000084a00000, 0x0000000084b00000|  0%| F|  |TAMS 0x0000000084a00000, 0x0000000084a00000| Untracked 
|  43|0x0000000084b00000, 0x0000000084b00000, 0x0000000084c00000|  0%| F|  |TAMS 0x0000000084b00000, 0x0000000084b00000| Untracked 
|  44|0x0000000084c00000, 0x0000000084c00000, 0x0000000084d00000|  0%| F|  |TAMS 0x0000000084c00000, 0x0000000084c00000| Untracked 
|  45|0x0000000084d00000, 0x0000000084d00000, 0x0000000084e00000|  0%| F|  |TAMS 0x0000000084d00000, 0x0000000084d00000| Untracked 
|  46|0x0000000084e00000, 0x0000000084e00000, 0x0000000084f00000|  0%| F|  |TAMS 0x0000000084e00000, 0x0000000084e00000| Untracked 
|  47|0x0000000084f00000, 0x0000000084f00000, 0x0000000085000000|  0%| F|  |TAMS 0x0000000084f00000, 0x0000000084f00000| Untracked 
|  48|0x0000000085000000, 0x0000000085000000, 0x0000000085100000|  0%| F|  |TAMS 0x0000000085000000, 0x0000000085000000| Untracked 
|  49|0x0000000085100000, 0x0000000085100000, 0x0000000085200000|  0%| F|  |TAMS 0x0000000085100000, 0x0000000085100000| Untracked 
|  50|0x0000000085200000, 0x0000000085200000, 0x0000000085300000|  0%| F|  |TAMS 0x0000000085200000, 0x0000000085200000| Untracked 
|  51|0x0000000085300000, 0x0000000085300000, 0x0000000085400000|  0%| F|  |TAMS 0x0000000085300000, 0x0000000085300000| Untracked 
|  52|0x0000000085400000, 0x0000000085400000, 0x0000000085500000|  0%| F|  |TAMS 0x0000000085400000, 0x0000000085400000| Untracked 
|  53|0x0000000085500000, 0x0000000085500000, 0x0000000085600000|  0%| F|  |TAMS 0x0000000085500000, 0x0000000085500000| Untracked 
|  54|0x0000000085600000, 0x0000000085600000, 0x0000000085700000|  0%| F|  |TAMS 0x0000000085600000, 0x0000000085600000| Untracked 
|  55|0x0000000085700000, 0x0000000085700000, 0x0000000085800000|  0%| F|  |TAMS 0x0000000085700000, 0x0000000085700000| Untracked 
|  56|0x0000000085800000, 0x0000000085800000, 0x0000000085900000|  0%| F|  |TAMS 0x0000000085800000, 0x0000000085800000| Untracked 
|  57|0x0000000085900000, 0x0000000085900000, 0x0000000085a00000|  0%| F|  |TAMS 0x0000000085900000, 0x0000000085900000| Untracked 
|  58|0x0000000085a00000, 0x0000000085a00000, 0x0000000085b00000|  0%| F|  |TAMS 0x0000000085a00000, 0x0000000085a00000| Untracked 
|  59|0x0000000085b00000, 0x0000000085b00000, 0x0000000085c00000|  0%| F|  |TAMS 0x0000000085b00000, 0x0000000085b00000| Untracked 
|  60|0x0000000085c00000, 0x0000000085c00000, 0x0000000085d00000|  0%| F|  |TAMS 0x0000000085c00000, 0x0000000085c00000| Untracked 
|  61|0x0000000085d00000, 0x0000000085d00000, 0x0000000085e00000|  0%| F|  |TAMS 0x0000000085d00000, 0x0000000085d00000| Untracked 
|  62|0x0000000085e00000, 0x0000000085e00000, 0x0000000085f00000|  0%| F|  |TAMS 0x0000000085e00000, 0x0000000085e00000| Untracked 
|  63|0x0000000085f00000, 0x0000000085f00000, 0x0000000086000000|  0%| F|  |TAMS 0x0000000085f00000, 0x0000000085f00000| Untracked 
|  64|0x0000000086000000, 0x0000000086000000, 0x0000000086100000|  0%| F|  |TAMS 0x0000000086000000, 0x0000000086000000| Untracked 
|  65|0x0000000086100000, 0x0000000086100000, 0x0000000086200000|  0%| F|  |TAMS 0x0000000086100000, 0x0000000086100000| Untracked 
|  66|0x0000000086200000, 0x0000000086200000, 0x0000000086300000|  0%| F|  |TAMS 0x0000000086200000, 0x0000000086200000| Untracked 
|  67|0x0000000086300000, 0x0000000086300000, 0x0000000086400000|  0%| F|  |TAMS 0x0000000086300000, 0x0000000086300000| Untracked 
|  68|0x0000000086400000, 0x0000000086400000, 0x0000000086500000|  0%| F|  |TAMS 0x0000000086400000, 0x0000000086400000| Untracked 
|  69|0x0000000086500000, 0x0000000086500000, 0x0000000086600000|  0%| F|  |TAMS 0x0000000086500000, 0x0000000086500000| Untracked 
|  70|0x0000000086600000, 0x0000000086600000, 0x0000000086700000|  0%| F|  |TAMS 0x0000000086600000, 0x0000000086600000| Untracked 
|  71|0x0000000086700000, 0x0000000086700000, 0x0000000086800000|  0%| F|  |TAMS 0x0000000086700000, 0x0000000086700000| Untracked 
|  72|0x0000000086800000, 0x0000000086800000, 0x0000000086900000|  0%| F|  |TAMS 0x0000000086800000, 0x0000000086800000| Untracked 
|  73|0x0000000086900000, 0x0000000086900000, 0x0000000086a00000|  0%| F|  |TAMS 0x0000000086900000, 0x0000000086900000| Untracked 
|  74|0x0000000086a00000, 0x0000000086a00000, 0x0000000086b00000|  0%| F|  |TAMS 0x0000000086a00000, 0x0000000086a00000| Untracked 
|  75|0x0000000086b00000, 0x0000000086b00000, 0x0000000086c00000|  0%| F|  |TAMS 0x0000000086b00000, 0x0000000086b00000| Untracked 
|  76|0x0000000086c00000, 0x0000000086c00000, 0x0000000086d00000|  0%| F|  |TAMS 0x0000000086c00000, 0x0000000086c00000| Untracked 
|  77|0x0000000086d00000, 0x0000000086d00000, 0x0000000086e00000|  0%| F|  |TAMS 0x0000000086d00000, 0x0000000086d00000| Untracked 
|  78|0x0000000086e00000, 0x0000000086e00000, 0x0000000086f00000|  0%| F|  |TAMS 0x0000000086e00000, 0x0000000086e00000| Untracked 
|  79|0x0000000086f00000, 0x0000000086f00000, 0x0000000087000000|  0%| F|  |TAMS 0x0000000086f00000, 0x0000000086f00000| Untracked 
|  80|0x0000000087000000, 0x0000000087000000, 0x0000000087100000|  0%| F|  |TAMS 0x0000000087000000, 0x0000000087000000| Untracked 
|  81|0x0000000087100000, 0x0000000087100000, 0x0000000087200000|  0%| F|  |TAMS 0x0000000087100000, 0x0000000087100000| Untracked 
|  82|0x0000000087200000, 0x0000000087200000, 0x0000000087300000|  0%| F|  |TAMS 0x0000000087200000, 0x0000000087200000| Untracked 
|  83|0x0000000087300000, 0x0000000087300000, 0x0000000087400000|  0%| F|  |TAMS 0x0000000087300000, 0x0000000087300000| Untracked 
|  84|0x0000000087400000, 0x0000000087400000, 0x0000000087500000|  0%| F|  |TAMS 0x0000000087400000, 0x0000000087400000| Untracked 
|  85|0x0000000087500000, 0x0000000087500000, 0x0000000087600000|  0%| F|  |TAMS 0x0000000087500000, 0x0000000087500000| Untracked 
|  86|0x0000000087600000, 0x0000000087600000, 0x0000000087700000|  0%| F|  |TAMS 0x0000000087600000, 0x0000000087600000| Untracked 
|  87|0x0000000087700000, 0x0000000087700000, 0x0000000087800000|  0%| F|  |TAMS 0x0000000087700000, 0x0000000087700000| Untracked 
|  88|0x0000000087800000, 0x0000000087800000, 0x0000000087900000|  0%| F|  |TAMS 0x0000000087800000, 0x0000000087800000| Untracked 
|  89|0x0000000087900000, 0x0000000087900000, 0x0000000087a00000|  0%| F|  |TAMS 0x0000000087900000, 0x0000000087900000| Untracked 
|  90|0x0000000087a00000, 0x0000000087a00000, 0x0000000087b00000|  0%| F|  |TAMS 0x0000000087a00000, 0x0000000087a00000| Untracked 
|  91|0x0000000087b00000, 0x0000000087b00000, 0x0000000087c00000|  0%| F|  |TAMS 0x0000000087b00000, 0x0000000087b00000| Untracked 
|  92|0x0000000087c00000, 0x0000000087c00000, 0x0000000087d00000|  0%| F|  |TAMS 0x0000000087c00000, 0x0000000087c00000| Untracked 
|  93|0x0000000087d00000, 0x0000000087d00000, 0x0000000087e00000|  0%| F|  |TAMS 0x0000000087d00000, 0x0000000087d00000| Untracked 
|  94|0x0000000087e00000, 0x0000000087e00000, 0x0000000087f00000|  0%| F|  |TAMS 0x0000000087e00000, 0x0000000087e00000| Untracked 
|  95|0x0000000087f00000, 0x0000000087f00000, 0x0000000088000000|  0%| F|  |TAMS 0x0000000087f00000, 0x0000000087f00000| Untracked 
|  96|0x0000000088000000, 0x0000000088000000, 0x0000000088100000|  0%| F|  |TAMS 0x0000000088000000, 0x0000000088000000| Untracked 
|  97|0x0000000088100000, 0x0000000088100000, 0x0000000088200000|  0%| F|  |TAMS 0x0000000088100000, 0x0000000088100000| Untracked 
|  98|0x0000000088200000, 0x0000000088200000, 0x0000000088300000|  0%| F|  |TAMS 0x0000000088200000, 0x0000000088200000| Untracked 
|  99|0x0000000088300000, 0x0000000088400000, 0x0000000088400000|100%| S|CS|TAMS 0x0000000088300000, 0x0000000088300000| Complete 
| 100|0x0000000088400000, 0x0000000088500000, 0x0000000088500000|100%| S|CS|TAMS 0x0000000088400000, 0x0000000088400000| Complete 
| 101|0x0000000088500000, 0x0000000088600000, 0x0000000088600000|100%| S|CS|TAMS 0x0000000088500000, 0x0000000088500000| Complete 
| 102|0x0000000088600000, 0x0000000088600000, 0x0000000088700000|  0%| F|  |TAMS 0x0000000088600000, 0x0000000088600000| Untracked 
| 103|0x0000000088700000, 0x0000000088700000, 0x0000000088800000|  0%| F|  |TAMS 0x0000000088700000, 0x0000000088700000| Untracked 
| 104|0x0000000088800000, 0x0000000088800000, 0x0000000088900000|  0%| F|  |TAMS 0x0000000088800000, 0x0000000088800000| Untracked 
| 105|0x0000000088900000, 0x0000000088900000, 0x0000000088a00000|  0%| F|  |TAMS 0x0000000088900000, 0x0000000088900000| Untracked 
| 106|0x0000000088a00000, 0x0000000088a00000, 0x0000000088b00000|  0%| F|  |TAMS 0x0000000088a00000, 0x0000000088a00000| Untracked 
| 107|0x0000000088b00000, 0x0000000088b00000, 0x0000000088c00000|  0%| F|  |TAMS 0x0000000088b00000, 0x0000000088b00000| Untracked 
| 108|0x0000000088c00000, 0x0000000088c00000, 0x0000000088d00000|  0%| F|  |TAMS 0x0000000088c00000, 0x0000000088c00000| Untracked 
| 109|0x0000000088d00000, 0x0000000088d00000, 0x0000000088e00000|  0%| F|  |TAMS 0x0000000088d00000, 0x0000000088d00000| Untracked 
| 110|0x0000000088e00000, 0x0000000088e00000, 0x0000000088f00000|  0%| F|  |TAMS 0x0000000088e00000, 0x0000000088e00000| Untracked 
| 111|0x0000000088f00000, 0x0000000088f00000, 0x0000000089000000|  0%| F|  |TAMS 0x0000000088f00000, 0x0000000088f00000| Untracked 
| 112|0x0000000089000000, 0x0000000089000000, 0x0000000089100000|  0%| F|  |TAMS 0x0000000089000000, 0x0000000089000000| Untracked 
| 113|0x0000000089100000, 0x0000000089100000, 0x0000000089200000|  0%| F|  |TAMS 0x0000000089100000, 0x0000000089100000| Untracked 
| 114|0x0000000089200000, 0x0000000089200000, 0x0000000089300000|  0%| F|  |TAMS 0x0000000089200000, 0x0000000089200000| Untracked 
| 115|0x0000000089300000, 0x0000000089300000, 0x0000000089400000|  0%| F|  |TAMS 0x0000000089300000, 0x0000000089300000| Untracked 
| 116|0x0000000089400000, 0x0000000089400000, 0x0000000089500000|  0%| F|  |TAMS 0x0000000089400000, 0x0000000089400000| Untracked 
| 117|0x0000000089500000, 0x0000000089500000, 0x0000000089600000|  0%| F|  |TAMS 0x0000000089500000, 0x0000000089500000| Untracked 
| 118|0x0000000089600000, 0x0000000089600000, 0x0000000089700000|  0%| F|  |TAMS 0x0000000089600000, 0x0000000089600000| Untracked 
| 119|0x0000000089700000, 0x0000000089700000, 0x0000000089800000|  0%| F|  |TAMS 0x0000000089700000, 0x0000000089700000| Untracked 
| 120|0x0000000089800000, 0x0000000089800000, 0x0000000089900000|  0%| F|  |TAMS 0x0000000089800000, 0x0000000089800000| Untracked 
| 121|0x0000000089900000, 0x0000000089900000, 0x0000000089a00000|  0%| F|  |TAMS 0x0000000089900000, 0x0000000089900000| Untracked 
| 122|0x0000000089a00000, 0x0000000089ae37b8, 0x0000000089b00000| 88%| E|  |TAMS 0x0000000089a00000, 0x0000000089a00000| Complete 
| 123|0x0000000089b00000, 0x0000000089c00000, 0x0000000089c00000|100%| E|CS|TAMS 0x0000000089b00000, 0x0000000089b00000| Complete 
| 124|0x0000000089c00000, 0x0000000089d00000, 0x0000000089d00000|100%| E|CS|TAMS 0x0000000089c00000, 0x0000000089c00000| Complete 
| 125|0x0000000089d00000, 0x0000000089e00000, 0x0000000089e00000|100%| E|CS|TAMS 0x0000000089d00000, 0x0000000089d00000| Complete 

Card table byte_map: [0x000002816b6e0000,0x000002816bad0000] _byte_map_base: 0x000002816b2d0000

Marking Bits (Prev, Next): (CMBitMap*) 0x0000028153cdcbd8, (CMBitMap*) 0x0000028153cdcc10
 Prev Bits: [0x000002816bec0000, 0x000002816de40000)
 Next Bits: [0x000002816de40000, 0x000002816fdc0000)

Polling page: 0x0000028151b10000

Metaspace:

Usage:
  Non-class:     10.96 MB capacity,    10.73 MB ( 98%) used,   206.64 KB (  2%) free+waste,    29.75 KB ( <1%) overhead. 
      Class:      1.37 MB capacity,     1.26 MB ( 92%) used,    97.73 KB (  7%) free+waste,    14.81 KB (  1%) overhead. 
       Both:     12.33 MB capacity,    11.99 MB ( 97%) used,   304.37 KB (  2%) free+waste,    44.56 KB ( <1%) overhead. 

Virtual space:
  Non-class space:       12.00 MB reserved,      11.00 MB ( 92%) committed 
      Class space:        1.00 GB reserved,       1.38 MB ( <1%) committed 
             Both:        1.01 GB reserved,      12.38 MB (  1%) committed 

Chunk freelists:
   Non-Class:  5.63 KB
       Class:  512 bytes
        Both:  6.13 KB

CodeHeap 'non-profiled nmethods': size=238336Kb used=1637Kb max_used=1637Kb free=236698Kb
 bounds [0x000002815c700000, 0x000002815c970000, 0x000002816afc0000]
CodeHeap 'non-nmethods': size=7424Kb used=2786Kb max_used=2786Kb free=4637Kb
 bounds [0x000002815bfc0000, 0x000002815c280000, 0x000002815c700000]
 total_blobs=1576 nmethods=1158 adapters=326
 compilation: enabled
              stopped_count=0, restarted_count=0
 full_count=0

Compilation events (10 events):
Event: 1.347 Thread 0x00000281730a6800 1132       1       java.util.WeakHashMap::put (162 bytes)
Event: 1.347 Thread 0x00000281732b3000 nmethod 1130 0x000002815c890490 code [0x000002815c890640, 0x000002815c8907f0]
Event: 1.347 Thread 0x00000281732ad800 nmethod 1131 0x000002815c890910 code [0x000002815c890ae0, 0x000002815c890cb0]
Event: 1.348 Thread 0x00000281730a6800 nmethod 1132 0x000002815c890e10 code [0x000002815c891020, 0x000002815c891700]
Event: 1.401 Thread 0x00000281732ac800 1133       1       java.lang.String::toUpperCase (29 bytes)
Event: 1.402 Thread 0x00000281732ac800 nmethod 1133 0x000002815c891990 code [0x000002815c891b60, 0x000002815c891d00]
Event: 1.402 Thread 0x00000281732b3000 1134       1       java.lang.StringCoding$Result::with (12 bytes)
Event: 1.402 Thread 0x00000281732ac800 1135       1       java.lang.StringCoding::decodeUTF8 (45 bytes)
Event: 1.402 Thread 0x00000281732b3000 nmethod 1134 0x000002815c891d90 code [0x000002815c891f40, 0x000002815c8920b8]
Event: 1.403 Thread 0x00000281732ac800 nmethod 1135 0x000002815c892110 code [0x000002815c892300, 0x000002815c892590]

GC Heap History (2 events):
Event: 0.957 GC heap before
{Heap before GC invocations=0 (full 0):
 garbage-first heap   total 129024K, used 24576K [0x0000000082000000, 0x0000000100000000)
  region size 1024K, 24 young (24576K), 0 survivors (0K)
 Metaspace       used 10071K, capacity 10275K, committed 10368K, reserved 1058816K
  class space    used 1037K, capacity 1109K, committed 1152K, reserved 1048576K
}
Event: 0.966 GC heap after
{Heap after GC invocations=1 (full 0):
 garbage-first heap   total 129024K, used 18399K [0x0000000082000000, 0x0000000100000000)
  region size 1024K, 3 young (3072K), 3 survivors (3072K)
 Metaspace       used 10071K, capacity 10275K, committed 10368K, reserved 1058816K
  class space    used 1037K, capacity 1109K, committed 1152K, reserved 1048576K
}

Deoptimization events (0 events):
No events

Classes redefined (0 events):
No events

Internal exceptions (10 events):
Event: 0.939 Thread 0x0000028153c9c000 Exception <a 'java/lang/NoSuchMethodError'{0x000000008869f310}: java.lang.invoke.DirectMethodHandle$Holder.invokeSpecialIFC(Ljava/lang/Object;Ljava/lang/Object;Ljava/lang/Object;)I> (0x000000008869f310) thrown at [t:/workspace/open/src/hotspot/share/inter
Event: 0.968 Thread 0x0000028153c9c000 Exception <a 'java/lang/NoSuchMethodError'{0x0000000089d082d8}: java.lang.invoke.DirectMethodHandle$Holder.invokeStatic(Ljava/lang/Object;IIII)Ljava/lang/Object;> (0x0000000089d082d8) thrown at [t:/workspace/open/src/hotspot/share/interpreter/linkResolver
Event: 0.968 Thread 0x0000028153c9c000 Exception <a 'java/lang/NoSuchMethodError'{0x0000000089d0b3f0}: java.lang.invoke.DirectMethodHandle$Holder.invokeStaticInit(Ljava/lang/Object;IIII)Ljava/lang/Object;> (0x0000000089d0b3f0) thrown at [t:/workspace/open/src/hotspot/share/interpreter/linkReso
Event: 1.220 Thread 0x0000028153c9c000 Exception <a 'java/lang/NoSuchMethodError'{0x0000000089d7a5b8}: java.lang.invoke.DirectMethodHandle$Holder.invokeStatic(Ljava/lang/Object;Ljava/lang/Object;IIII)Ljava/lang/Object;> (0x0000000089d7a5b8) thrown at [t:/workspace/open/src/hotspot/share/interp
Event: 1.220 Thread 0x0000028153c9c000 Exception <a 'java/lang/NoSuchMethodError'{0x0000000089d7d900}: java.lang.invoke.DirectMethodHandle$Holder.invokeStaticInit(Ljava/lang/Object;Ljava/lang/Object;IIII)Ljava/lang/Object;> (0x0000000089d7d900) thrown at [t:/workspace/open/src/hotspot/share/in
Event: 1.230 Thread 0x0000028153c9c000 Exception <a 'java/lang/ClassNotFoundException'{0x0000000089d9bb58}: javax/management/remote/rmi/RMIServerImpl_Skel> (0x0000000089d9bb58) thrown at [t:/workspace/open/src/hotspot/share/classfile/systemDictionary.cpp, line 231]
Event: 1.265 Thread 0x0000028153c9c000 Exception <a 'java/lang/ClassNotFoundException'{0x0000000089c91f38}: jdk/internal/agent/resources/spi/agentProvider> (0x0000000089c91f38) thrown at [t:/workspace/open/src/hotspot/share/classfile/systemDictionary.cpp, line 231]
Event: 1.272 Thread 0x0000028153c9c000 Exception <a 'java/lang/NoSuchMethodError'{0x0000000089ce80d0}: java.lang.invoke.DirectMethodHandle$Holder.invokeStatic(Ljava/lang/Object;Ljava/lang/Object;Ljava/lang/Object;Ljava/lang/Object;Ljava/lang/Object;Ljava/lang/Object;Ljava/lang/Object;Ljava/lan
Event: 1.273 Thread 0x0000028153c9c000 Exception <a 'java/lang/NoSuchMethodError'{0x0000000089cf4a90}: java.lang.invoke.DirectMethodHandle$Holder.invokeStatic(Ljava/lang/Object;Ljava/lang/Object;Ljava/lang/Object;Ljava/lang/Object;Ljava/lang/Object;Ljava/lang/Object;Ljava/lang/Object;Ljava/lan
Event: 1.275 Thread 0x0000028153c9c000 Exception <a 'java/lang/NoSuchMethodError'{0x0000000089b0ee30}: java.lang.invoke.DelegatingMethodHandle$Holder.reinvoke_L(Ljava/lang/Object;ILjava/lang/Object;)Ljava/lang/Object;> (0x0000000089b0ee30) thrown at [t:/workspace/open/src/hotspot/share/interpr

Events (10 events):
Event: 1.443 loading class org/apache/commons/logging/LogAdapter$LogApi
Event: 1.443 loading class org/apache/commons/logging/LogAdapter$LogApi done
Event: 1.444 loading class org/apache/commons/logging/LogAdapter$1
Event: 1.444 loading class org/apache/commons/logging/LogAdapter$1 done
Event: 1.445 loading class org/apache/commons/logging/LogAdapter$Slf4jAdapter
Event: 1.445 loading class org/apache/commons/logging/LogAdapter$Slf4jAdapter done
Event: 1.446 loading class org/slf4j/LoggerFactory
Event: 1.446 loading class org/slf4j/LoggerFactory done
Event: 1.447 loading class org/slf4j/helpers/SubstituteLoggerFactory
Event: 1.447 loading class org/slf4j/helpers/SubstituteLoggerFactory done


Dynamic libraries:
0x00007ff7e1970000 - 0x00007ff7e19b7000 	C:\Program Files\Java\jdk-11.0.4\bin\javaw.exe
0x00007ffe6bee0000 - 0x00007ffe6c0d0000 	C:\Windows\SYSTEM32\ntdll.dll
0x00007ffe6a210000 - 0x00007ffe6a2c2000 	C:\Windows\System32\KERNEL32.DLL
0x00007ffe69010000 - 0x00007ffe692b3000 	C:\Windows\System32\KERNELBASE.dll
0x00007ffe66f50000 - 0x00007ffe66fdf000 	C:\Windows\SYSTEM32\apphelp.dll
0x00007ffe6b930000 - 0x00007ffe6b9d3000 	C:\Windows\System32\ADVAPI32.dll
0x00007ffe6b6a0000 - 0x00007ffe6b73e000 	C:\Windows\System32\msvcrt.dll
0x00007ffe6b890000 - 0x00007ffe6b927000 	C:\Windows\System32\sechost.dll
0x00007ffe6ba60000 - 0x00007ffe6bb80000 	C:\Windows\System32\RPCRT4.dll
0x00007ffe6b500000 - 0x00007ffe6b694000 	C:\Windows\System32\USER32.dll
0x00007ffe69610000 - 0x00007ffe69631000 	C:\Windows\System32\win32u.dll
0x00007ffe6b3c0000 - 0x00007ffe6b3e6000 	C:\Windows\System32\GDI32.dll
0x00007ffe68e70000 - 0x00007ffe69004000 	C:\Windows\System32\gdi32full.dll
0x00007ffe69550000 - 0x00007ffe695ee000 	C:\Windows\System32\msvcp_win.dll
0x00007ffe69e40000 - 0x00007ffe69f3a000 	C:\Windows\System32\ucrtbase.dll
0x00007ffe5add0000 - 0x00007ffe5b055000 	C:\Windows\WinSxS\amd64_microsoft.windows.common-controls_6595b64144ccf1df_6.0.18362.592_none_e6c0b1911312be02\COMCTL32.dll
0x00007ffe5be40000 - 0x00007ffe5be4a000 	C:\Windows\SYSTEM32\VERSION.dll
0x00007ffe6b050000 - 0x00007ffe6b386000 	C:\Windows\System32\combase.dll
0x00007ffe69640000 - 0x00007ffe696c0000 	C:\Windows\System32\bcryptPrimitives.dll
0x00007ffe6b3f0000 - 0x00007ffe6b41e000 	C:\Windows\System32\IMM32.DLL
0x00007ffe5f770000 - 0x00007ffe5f786000 	C:\Program Files\Java\jdk-11.0.4\bin\vcruntime140.dll
0x00007ffe4ca00000 - 0x00007ffe4caaa000 	C:\Program Files\Java\jdk-11.0.4\bin\msvcp140.dll
0x00007ffe0ecc0000 - 0x00007ffe0f7e7000 	C:\Program Files\Java\jdk-11.0.4\bin\server\jvm.dll
0x00007ffe6a950000 - 0x00007ffe6a958000 	C:\Windows\System32\PSAPI.DLL
0x00007ffe57080000 - 0x00007ffe57089000 	C:\Windows\SYSTEM32\WSOCK32.dll
0x00007ffe65a70000 - 0x00007ffe65a94000 	C:\Windows\SYSTEM32\WINMM.dll
0x00007ffe6b740000 - 0x00007ffe6b7af000 	C:\Windows\System32\WS2_32.dll
0x00007ffe65a40000 - 0x00007ffe65a6d000 	C:\Windows\SYSTEM32\WINMMBASE.dll
0x00007ffe69f40000 - 0x00007ffe69f8a000 	C:\Windows\System32\cfgmgr32.dll
0x00007ffe68dc0000 - 0x00007ffe68dd1000 	C:\Windows\System32\kernel.appcore.dll
0x00007ffe5eb70000 - 0x00007ffe5eb81000 	C:\Program Files\Java\jdk-11.0.4\bin\verify.dll
0x00007ffe593c0000 - 0x00007ffe595b4000 	C:\Windows\SYSTEM32\DBGHELP.DLL
0x00007ffe59360000 - 0x00007ffe5938a000 	C:\Windows\SYSTEM32\dbgcore.DLL
0x00007ffe5eb30000 - 0x00007ffe5eb59000 	C:\Program Files\Java\jdk-11.0.4\bin\java.dll
0x00007ffe5dfe0000 - 0x00007ffe5dff6000 	C:\Program Files\Java\jdk-11.0.4\bin\zip.dll
0x00007ffe5fa50000 - 0x00007ffe5fa5a000 	C:\Program Files\Java\jdk-11.0.4\bin\jimage.dll
0x00007ffe6a960000 - 0x00007ffe6b045000 	C:\Windows\System32\SHELL32.dll
0x00007ffe6bd20000 - 0x00007ffe6bdc9000 	C:\Windows\System32\shcore.dll
0x00007ffe696c0000 - 0x00007ffe69e3f000 	C:\Windows\System32\windows.storage.dll
0x00007ffe68e50000 - 0x00007ffe68e6f000 	C:\Windows\System32\profapi.dll
0x00007ffe68e00000 - 0x00007ffe68e4a000 	C:\Windows\System32\powrprof.dll
0x00007ffe68db0000 - 0x00007ffe68dc0000 	C:\Windows\System32\UMPDC.dll
0x00007ffe6bcc0000 - 0x00007ffe6bd12000 	C:\Windows\System32\shlwapi.dll
0x00007ffe695f0000 - 0x00007ffe69607000 	C:\Windows\System32\cryptsp.dll
0x00007ffe5dfc0000 - 0x00007ffe5dfd9000 	C:\Program Files\Java\jdk-11.0.4\bin\net.dll
0x00007ffe608b0000 - 0x00007ffe609a0000 	C:\Windows\SYSTEM32\WINHTTP.dll
0x00007ffe5d850000 - 0x00007ffe5da26000 	C:\Windows\SYSTEM32\urlmon.dll
0x00007ffe5db50000 - 0x00007ffe5ddf6000 	C:\Windows\SYSTEM32\iertutil.dll
0x00007ffe687f0000 - 0x00007ffe687fc000 	C:\Windows\SYSTEM32\CRYPTBASE.DLL
0x00007ffe68620000 - 0x00007ffe68687000 	C:\Windows\system32\mswsock.dll
0x00007ffe5d5b0000 - 0x00007ffe5d5c3000 	C:\Program Files\Java\jdk-11.0.4\bin\nio.dll
0x00007ffe5d550000 - 0x00007ffe5d559000 	C:\Program Files\Java\jdk-11.0.4\bin\management.dll
0x00007ffe5a1a0000 - 0x00007ffe5a1ac000 	C:\Program Files\Java\jdk-11.0.4\bin\management_ext.dll
0x00007ffe36020000 - 0x00007ffe36036000 	C:\Windows\system32\napinsp.dll
0x00007ffe36000000 - 0x00007ffe3601a000 	C:\Windows\system32\pnrpnsp.dll
0x00007ffe68370000 - 0x00007ffe6843a000 	C:\Windows\SYSTEM32\DNSAPI.dll
0x00007ffe6b390000 - 0x00007ffe6b398000 	C:\Windows\System32\NSI.dll
0x00007ffe68330000 - 0x00007ffe6836a000 	C:\Windows\SYSTEM32\IPHLPAPI.DLL
0x00007ffe40240000 - 0x00007ffe4024e000 	C:\Windows\System32\winrnr.dll
0x00007ffe65610000 - 0x00007ffe6562c000 	C:\Windows\system32\NLAapi.dll
0x00007ffe5fb90000 - 0x00007ffe5fba5000 	C:\Windows\system32\wshbth.dll
0x0000000051d70000 - 0x0000000051d96000 	C:\Program Files\Bonjour\mdnsNSP.dll
0x00007ffe60820000 - 0x00007ffe6082a000 	C:\Windows\System32\rasadhlp.dll
0x00007ffe61500000 - 0x00007ffe61577000 	C:\Windows\System32\fwpuclnt.dll
0x00007ffe69520000 - 0x00007ffe69546000 	C:\Windows\System32\bcrypt.dll
0x00007ffe68190000 - 0x00007ffe681c3000 	C:\Windows\system32\rsaenh.dll
0x00007ffe68cd0000 - 0x00007ffe68cf5000 	C:\Windows\SYSTEM32\USERENV.dll
0x00007ffe615e0000 - 0x00007ffe615f6000 	C:\Windows\SYSTEM32\dhcpcsvc6.DLL
0x00007ffe61900000 - 0x00007ffe6191c000 	C:\Windows\SYSTEM32\dhcpcsvc.DLL

dbghelp: loaded successfully - version: 4.0.5 - missing functions: none
symbol engine: initialized successfully - sym options: 0x614 - pdb path: .;C:\Program Files\Java\jdk-11.0.4\bin;C:\Windows\SYSTEM32;C:\Windows\WinSxS\amd64_microsoft.windows.common-controls_6595b64144ccf1df_6.0.18362.592_none_e6c0b1911312be02;C:\Program Files\Java\jdk-11.0.4\bin\server;C:\Program Files\Bonjour

VM Arguments:
jvm_args: -Dcom.sun.management.jmxremote -Dcom.sun.management.jmxremote.port=61933 -Dcom.sun.management.jmxremote.authenticate=false -Dcom.sun.management.jmxremote.ssl=false -Djava.rmi.server.hostname=localhost -Dspring.jmx.enabled=true -Dspring.application.admin.enabled=true -Xverify:none -XX:TieredStopAtLevel=1 -Dspring.boot.project.name=spring-boot-ionic-backend -Dfile.encoding=UTF-8 
java_command: com.heliohdd.spring_boot_ionic_backend.SpringBootIonicBackendApplication --spring.output.ansi.enabled=always
java_class_path (initial): C:\Windows\Temp\WorkSpace\ws-sts\spring-boot-ionic-backend\target\classes;C:\Users\HELIO\.m2\repository\org\springframework\boot\spring-boot-starter-web\2.2.3.BUILD-SNAPSHOT\spring-boot-starter-web-2.2.3.BUILD-SNAPSHOT.jar;C:\Users\HELIO\.m2\repository\org\springframework\boot\spring-boot-starter\2.2.3.BUILD-SNAPSHOT\spring-boot-starter-2.2.3.BUILD-SNAPSHOT.jar;C:\Users\HELIO\.m2\repository\org\springframework\boot\spring-boot-starter-logging\2.2.3.BUILD-SNAPSHOT\spring-boot-starter-logging-2.2.3.BUILD-SNAPSHOT.jar;C:\Users\HELIO\.m2\repository\ch\qos\logback\logback-classic\1.2.3\logback-classic-1.2.3.jar;C:\Users\HELIO\.m2\repository\ch\qos\logback\logback-core\1.2.3\logback-core-1.2.3.jar;C:\Users\HELIO\.m2\repository\org\apache\logging\log4j\log4j-to-slf4j\2.12.1\log4j-to-slf4j-2.12.1.jar;C:\Users\HELIO\.m2\repository\org\apache\logging\log4j\log4j-api\2.12.1\log4j-api-2.12.1.jar;C:\Users\HELIO\.m2\repository\org\slf4j\jul-to-slf4j\1.7.30\jul-to-slf4j-1.7.30.jar;C:\Users\HELIO\.m2\repository\jakarta\annotation\jakarta.annotation-api\1.3.5\jakarta.annotation-api-1.3.5.jar;C:\Users\HELIO\.m2\repository\org\yaml\snakeyaml\1.25\snakeyaml-1.25.jar;C:\Users\HELIO\.m2\repository\org\springframework\boot\spring-boot-starter-json\2.2.3.BUILD-SNAPSHOT\spring-boot-starter-json-2.2.3.BUILD-SNAPSHOT.jar;C:\Users\HELIO\.m2\repository\com\fasterxml\jackson\datatype\jackson-datatype-jdk8\2.10.2\jackson-datatype-jdk8-2.10.2.jar;C:\Users\HELIO\.m2\repository\com\fasterxml\jackson\datatype\jackson-datatype-jsr310\2.10.2\jackson-datatype-jsr310-2.10.2.jar;C:\Users\HELIO\.m2\repository\com\fasterxml\jackson\module\jackson-module-parameter-names\2.10.2\jackson-module-parameter-names-2.10.2.jar;C:\Users\HELIO\.m2\repository\org\springframework\boot\spring-boot-starter-tomcat\2.2.3.BUILD-SNAPSHOT\spring-boot-starter-tomcat-2.2.3.BUILD-SNAPSHOT.jar;C:\Users\HELIO\.m2\repository\org\apache\tomcat\embed\tomcat-embed-core\9.0.30\tomcat-embed-core-9.0.30.jar;C:\
Launcher Type: SUN_STANDARD

[Global flags]
     bool BytecodeVerificationLocal                = false                                     {product} {command line}
     bool BytecodeVerificationRemote               = false                                     {product} {command line}
     intx CICompilerCount                          = 4                                         {product} {ergonomic}
     uint ConcGCThreads                            = 2                                         {product} {ergonomic}
     uint G1ConcRefinementThreads                  = 8                                         {product} {ergonomic}
   size_t G1HeapRegionSize                         = 1048576                                   {product} {ergonomic}
    uintx GCDrainStackTargetSize                   = 64                                        {product} {ergonomic}
   size_t InitialHeapSize                          = 132120576                                 {product} {ergonomic}
     bool ManagementServer                         = true                                      {product} {command line}
   size_t MarkStackSize                            = 4194304                                   {product} {ergonomic}
   size_t MaxHeapSize                              = 2113929216                                {product} {ergonomic}
   size_t MaxNewSize                               = 1267728384                                {product} {ergonomic}
   size_t MinHeapDeltaBytes                        = 1048576                                   {product} {ergonomic}
    uintx NonNMethodCodeHeapSize                   = 7549744                                {pd product} {ergonomic}
    uintx NonProfiledCodeHeapSize                  = 244108496                              {pd product} {ergonomic}
    uintx ProfiledCodeHeapSize                     = 0                                      {pd product} {ergonomic}
    uintx ReservedCodeCacheSize                    = 251658240                              {pd product} {ergonomic}
     bool SegmentedCodeCache                       = true                                      {product} {ergonomic}
     intx TieredStopAtLevel                        = 1                                         {product} {command line}
     bool UseCompressedClassPointers               = true                                 {lp64_product} {ergonomic}
     bool UseCompressedOops                        = true                                 {lp64_product} {ergonomic}
     bool UseG1GC                                  = true                                      {product} {ergonomic}
     bool UseLargePagesIndividualAllocation        = false                                  {pd product} {ergonomic}

Logging:
Log output configuration:
 #0: stdout all=warning uptime,level,tags
 #1: stderr all=off uptime,level,tags

Environment Variables:
JAVA_HOME=C:\Program Files\Java\jdk-11.0.4
PATH=C:\Program Files (x86)\Common Files\Oracle\Java\javapath;C:\Windows\system32;C:\Windows;C:\Windows\System32\Wbem;C:\Windows\System32\WindowsPowerShell\v1.0\;C:\Windows\System32\OpenSSH\;C:\Program Files (x86)\AMD\ATI.ACE\Core-Static;C:\Program Files\Java\jdk-11.0.4\bin;C:\Program Files\MongoDB\Server\4.2\bin;C:\xampp\mysql\bin;C:\Users\HELIO\AppData\Local\Microsoft\WindowsApps;C:\Program Files\heroku\bin
USERNAME=HELIO
OS=Windows_NT
PROCESSOR_IDENTIFIER=Intel64 Family 6 Model 58 Stepping 9, GenuineIntel



---------------  S Y S T E M  ---------------

OS: Windows 10 , 64 bit Build 18362 (10.0.18362.329)

CPU:total 8 (initial active 8) (4 cores per cpu, 2 threads per core) family 6 model 58 stepping 9, cmov, cx8, fxsr, mmx, sse, sse2, sse3, ssse3, sse4.1, sse4.2, popcnt, avx, aes, clmul, erms, ht, tsc, tscinvbit, tscinv

Memory: 4k page, system-wide physical 8061M (1728M free)
TotalPageFile size 18813M (AvailPageFile size 9675M)
current process WorkingSet (physical memory assigned to process): 91M, peak: 91M
current process commit charge ("private bytes"): 225M, peak: 225M

vm_info: Java HotSpot(TM) 64-Bit Server VM (11.0.4+10-LTS) for windows-amd64 JRE (11.0.4+10-LTS), built on Jul  4 2019 16:28:13 by "mach5one" with MS VC++ 15.5 (VS2017)

END.
